2021-10-11 11:25:05.796 [main] INFO . - user input: D:\idea\DevEco Studio\DevEco Studio 3.0.0.342\jbr\bin\java.exe,-j,-source,@D:\workspace\HwShare_OneHop\.idea\code-check\originalReport\codemars\report\codemars_fileList1.lst,-checker,Missing_SecurityManager_Check_Serializable,Weak_Encryption_DiffieHellman,Forbid_Serialize_Nonstatic_Inner_Class,Weak_Encryption_DSA,Privacy_Violation_Serialization,SecurityManager_Privacy_Operation,XXE_SchemaFactory,Weak_Encryption_DH,Insecure_XML_Transform_By_XSLT,XXE_DocumentHelper,Forbid_Synchronize_getClass_Object,Weak_Hash_SHA1WithRSA,XXE_SAXTransformerFactory,Call_Super_GetPermission,Canonical_Path,Forbid_System_Exit,Weak_Hash_ECDSA,Forbid_Thread_Stop,Weak_Encryption_AES,Forbid_Synchronize_Reused_Object,XXE_XMLReaderFactory,Bad_Practices_Sockets,XXE_XMLInputFactory,Privacy_Violation_Password,Weak_Encryption_ARCFOUR,Object_Signed_Encrypted,Weak_Encryption_RC4,Weak_Encryption_RC2,Weak_Encryption_RSA,Weak_Hash_MD2,Weak_Hash_MD5WithRSA,Weak_Encryption_PBKDF2WithHmacMD5,Weak_Hash_SHA1,Invalid_Security_Check,Weak_Cryptographic_Hash_Iteration_Count,Weak_Hash_MD4,Weak_Hash_SHA0,Weak_Hash_MD5,Forbid_Synchronize_Concurrency_Object,IO_Process_WaitFor,XXE_DocumentBuilderFactory,Weak_Encryption_Blowfish,XXE_SAXBuilder,Weak_Cryptographic_Hash_Salt,XXE_SAXParserFactory,Invalid_Read_From_Stream,Zip_Entry_Size,Weak_Hash_SHA1WithDSA,Forbid_Catch_NullPointerException,Forbid_Thread_Run,Weak_Encryption_Inadequate_RSA_Padding,Weak_Encryption_DES,Weak_Hash_SHA1WithECDSA,XXE_DocumentBuilderFactoryImpl,Hardcoded_Password,Weak_Encryption_Insecure_Mode_AES,XXE_TransformerFactory,Ignore_Returned_Value,Weak_Hash_DSA,Assertions_With_Side_Effects,XXE_SAXReader,Lock_Synchronized,Insecure_Instance_Lock,-output,D:\workspace\HwShare_OneHop\.idea\code-check\originalReport\codemars\report\codemars1.xml
2021-10-11 11:25:05.803 [main] INFO . - CodeMars Version:2.1.8
2021-10-11 11:25:06.231 [main] INFO . - starting analyzing.
2021-10-11 11:25:06.263 [main] INFO . - start collecting report.
2021-10-11 11:25:06.279 [CodeMars1] INFO . - Command: "C:\Users\gwx1016061\.hicode\CodeCheck\CodeCheckAgent\uccp-app-1.0.0\tools\CodeMars\engines\SecFinder-J\bin\run_SecFinder-J.bat",-filelist,D:\workspace\HwShare_OneHop\.idea\code-check\originalReport\codemars\report\SecFinder-J_filelist_2021_10_11_11_25_06_269_55.txt,-f,xml,-R,hw-Missing_SecurityManager_Check_Serializable,hw-Weak_Encryption_DiffieHellman,hw-Forbid_Serialize_Nonstatic_Inner_Class,hw-Weak_Encryption_DSA,hw-Privacy_Violation_Serialization,hw-SecurityManager_Privacy_Operation,hw-XXE_SchemaFactory,hw-Weak_Encryption_DH,hw-Insecure_XML_Transform_By_XSLT,hw-XXE_DocumentHelper,hw-Forbid_Synchronize_getClass_Object,hw-Weak_Hash_SHA1WithRSA,hw-XXE_SAXTransformerFactory,hw-Call_Super_GetPermission,hw-Canonical_Path,hw-Forbid_System_Exit,hw-Weak_Hash_ECDSA,hw-Forbid_Thread_Stop,hw-Weak_Encryption_AES,hw-Forbid_Synchronize_Reused_Object,hw-XXE_XMLReaderFactory,hw-Bad_Practices_Sockets,hw-XXE_XMLInputFactory,hw-Privacy_Violation_Password,hw-Weak_Encryption_ARCFOUR,hw-Object_Signed_Encrypted,hw-Weak_Encryption_RC4,hw-Weak_Encryption_RC2,hw-Weak_Encryption_RSA,hw-Weak_Hash_MD2,hw-Weak_Hash_MD5WithRSA,hw-Weak_Encryption_PBKDF2WithHmacMD5,hw-Weak_Hash_SHA1,hw-Invalid_Security_Check,hw-Weak_Cryptographic_Hash_Iteration_Count,hw-Weak_Hash_MD4,hw-Weak_Hash_SHA0,hw-Weak_Hash_MD5,hw-Forbid_Synchronize_Concurrency_Object,hw-IO_Process_WaitFor,hw-XXE_DocumentBuilderFactory,hw-Weak_Encryption_Blowfish,hw-XXE_SAXBuilder,hw-Weak_Cryptographic_Hash_Salt,hw-XXE_SAXParserFactory,hw-Invalid_Read_From_Stream,hw-Zip_Entry_Size,hw-Weak_Hash_SHA1WithDSA,hw-Forbid_Catch_NullPointerException,hw-Forbid_Thread_Run,hw-Weak_Encryption_Inadequate_RSA_Padding,hw-Weak_Encryption_DES,hw-Weak_Hash_SHA1WithECDSA,hw-XXE_DocumentBuilderFactoryImpl,hw-Hardcoded_Password,hw-Weak_Encryption_Insecure_Mode_AES,hw-XXE_TransformerFactory,hw-Ignore_Returned_Value,hw-Weak_Hash_DSA,hw-Assertions_With_Side_Effects,hw-XXE_SAXReader,hw-Lock_Synchronized,hw-Insecure_Instance_Lock,-progress,-r,D:\workspace\HwShare_OneHop\.idea\code-check\originalReport\codemars\report\\SecFinder-J_errorreport_2021_10_11_11_25_04_900_37.xml,-ruleclasspath,file:///D:\workspace\HwShare_OneHop\.idea\code-check\originalReport\codemars\report\ruleclasspath.txt
2021-10-11 11:25:07.007 [Thread-2] INFO . - 10月 11, 2021 11:25:06 上午 com.huawei.secfinderj.SecFinderJ needScan
2021-10-11 11:25:07.008 [Thread-2] INFO . - 信息: SecFinder-J Version: 2.1.8
2021-10-11 11:25:07.338 [Thread-1] INFO . - 2021-10-11 11:25:07.114: SecFinder-J Output: Inspect start...
2021-10-11 11:25:07.410 [Thread-1] INFO . - 2021-10-11 11:25:07.410: SecFinder-J Output: Load checkers...
2021-10-11 11:25:08.042 [Thread-1] INFO . - 2021-10-11 11:25:08.042: SecFinder-J Output: Load config...
2021-10-11 11:25:08.342 [Thread-1] INFO . - 2021-10-11 11:25:08.341: SecFinder-J Output: step 1/4: Find files
2021-10-11 11:25:08.390 [Thread-1] INFO . - 2021-10-11 11:25:08.390: SecFinder-J Output: step 2/4: Process files
2021-10-11 11:25:08.615 [Thread-1] INFO . - 2021-10-11 11:25:08.614: SecFinder-J Output: step 3/4: Run analysis...
2021-10-11 11:25:08.621 [Thread-1] INFO . - 2021-10-11 11:25:08.621: SecFinder-J Output: [SecFinder-J--Thread--1] - during processing of [CommonOperatorAbility.java]
2021-10-11 11:25:08.795 [Thread-1] INFO . - 2021-10-11 11:25:08.795: SecFinder-J Output: step 4/4: Result output...
2021-10-11 11:25:08.796 [Thread-1] INFO . - 2021-10-11 11:25:08.795: SecFinder-J Output: Inspect finish...
2021-10-11 11:25:08.796 [Thread-1] INFO . - Analysis result:
2021-10-11 11:25:08.796 [Thread-1] INFO . -     files analyzed      : 1
2021-10-11 11:25:08.796 [Thread-1] INFO . -     lines analyzed      : 497
2021-10-11 11:25:08.796 [Thread-1] INFO . -     rules used          : 63
2021-10-11 11:25:08.796 [Thread-1] INFO . -     issues detected     : 0
2021-10-11 11:25:08.796 [Thread-1] INFO . -     time cost(sec)      : 1
2021-10-11 11:25:08.796 [Thread-1] INFO . - 
2021-10-11 11:25:08.797 [Thread-2] INFO . - 10月 11, 2021 11:25:08 上午 com.huawei.secfinderj.override.HwPmd end
2021-10-11 11:25:08.797 [Thread-2] INFO . - 信息: SecFinder-J run successed!
2021-10-11 11:25:08.876 [CodeMars1] INFO . - start parse errorreport xml : SecFinder-J_errorreport_2021_10_11_11_25_04_900_37.xml
2021-10-11 11:25:08.878 [CodeMars1] INFO . - parse xml time : 12
2021-10-11 11:25:08.880 [CodeMars1] INFO . - end parse errorreport xml
2021-10-11 11:25:08.887 [main] INFO . - end collecting report.
2021-10-11 11:25:08.887 [main] INFO . - end analyzing.
